<?xml version="1.0" encoding="UTF-8"?>
<testsuite name="Research on the Equipos page" tests="1" skipped="1" failures="0" errors="0" timestamp="2022-05-16T16:07:04" hostname="SQABOG-TGP4337" time="22.461">
  <properties/>
  <testcase name="Brandon opens the website and reviews the phone lists on the equipos tab" classname="Research on the Equipos page" time="22.461">
    <skipped/>
  </testcase>
  <system-out><![CDATA[]]></system-out>
  <system-err><![CDATA[Starting ChromeDriver 100.0.4896.60 (6a5d10861ce8de5fce22564658033b43cb7de047-refs/branch-heads/4896@{#875}) on port 8096
Only local connections are allowed.
Please see https://chromedriver.chromium.org/security-considerations for suggestions on keeping ChromeDriver safe.
ChromeDriver was started successfully.
[1652717228.643][WARNING]: This version of ChromeDriver has not been tested with Chrome version 101.
may 16, 2022 11:07:08 AM org.openqa.selenium.remote.ProtocolHandshake createSession
INFORMACIÓN: Detected dialect: W3C
[Test worker] INFO net.thucydides.core.steps.ConsoleLoggingListener - TEST PENDING
[Test worker] INFO net.thucydides.core.steps.ConsoleLoggingListener - 
          __  _____ _____ ____ _____   ____  _____ _   _ ____ ___ _   _  ____ 
 _       / / |_   _| ____/ ___|_   _| |  _ \| ____| \ | |  _ \_ _| \ | |/ ___|
(_)____ / /    | | |  _| \___ \ | |   | |_) |  _| |  \| | | | | ||  \| | |  _ 
 |_____/ /     | | | |___ ___) || |   |  __/| |___| |\  | |_| | || |\  | |_| |
(_)   /_/      |_| |_____|____/ |_|   |_|   |_____|_| \_|____/___|_| \_|\____|
                                                                                

TEST PENDING: Brandon opens the website and reviews the phone lists on the equipos tab
---------------------------------------------------------------------------------
]]></system-err>
</testsuite>
