<?xml version="1.0" encoding="UTF-8"?>
<testsuite name="Brandon purchase a laptop test" tests="1" skipped="0" failures="0" errors="0" timestamp="2022-05-06T16:33:29" hostname="SQABOG-TGP4337" time="42.01">
  <properties/>
  <testcase name="Purchase laptop" classname="Brandon purchase a laptop test" time="42.01"/>
  <system-out><![CDATA[Liliana7129
HP ENVY - 17T TOUCH
]]></system-out>
  <system-err><![CDATA[Starting ChromeDriver 100.0.4896.60 (6a5d10861ce8de5fce22564658033b43cb7de047-refs/branch-heads/4896@{#875}) on port 34727
Only local connections are allowed.
Please see https://chromedriver.chromium.org/security-considerations for suggestions on keeping ChromeDriver safe.
ChromeDriver was started successfully.
may 06, 2022 11:33:34 AM org.openqa.selenium.remote.ProtocolHandshake createSession
INFORMACIÓN: Detected dialect: W3C
[Test worker] INFO net.thucydides.core.steps.ConsoleLoggingListener - 
        __    _____ _____ ____ _____   ____   _    ____  ____  _____ ____  
  _     \ \  |_   _| ____/ ___|_   _| |  _ \ / \  / ___|/ ___|| ____|  _ \ 
 (_)_____| |   | | |  _| \___ \ | |   | |_) / _ \ \___ \\___ \|  _| | | | |
  _|_____| |   | | | |___ ___) || |   |  __/ ___ \ ___) |___) | |___| |_| |
 (_)     | |   |_| |_____|____/ |_|   |_| /_/   \_\____/|____/|_____|____/ 
        /_/                                                                

TEST PASSED: Purchase laptop
----------------------------------------------------------------------------
]]></system-err>
</testsuite>
