{"name":"Brandon wants to register on the website","id":"register-on-the-website-test;brandon-wants-to-register-on-the-website","testSteps":[{"number":1,"description":"Example: {user\u003djose123122, email\u003djose11223@gmail.com, password\u003dDeutsch7019, confPass\u003dDeutsch7019, webSite\u003dhttps://www.advantageonlineshopping.com/#/}","duration":75761,"startTime":"2022-07-15T13:43:14.665-05:00[America/Bogota]","exception":{"errorType":"java.lang.AssertionError","message":"no such element: Unable to locate element: {\"method\":\"css selector\",\"selector\":\"This is where the username appears \"}\n  (Session info: chrome\u003d103.0.5060.114)\nFor documentation on this error, please visit: https://www.seleniumhq.org/exceptions/no_such_element.html\nBuild info: version: \u00273.141.59\u0027, revision: \u0027e82be7d358\u0027, time: \u00272018-11-14T08:17:03\u0027\nSystem info: host: \u0027SQABOG-TGP4337\u0027, ip: \u0027192.168.18.247\u0027, os.name: \u0027Windows 10\u0027, os.arch: \u0027amd64\u0027, os.version: \u002710.0\u0027, java.version: \u00271.8.0_202\u0027\nDriver info: org.openqa.selenium.chrome.ChromeDriver\nCapabilities {acceptInsecureCerts: false, browserName: chrome, browserVersion: 103.0.5060.114, chrome: {chromedriverVersion: 102.0.5005.61 (0e59bcc00cc4..., userDataDir: C:\\Users\\User\\AppData\\Local...}, goog:chromeOptions: {debuggerAddress: localhost:54489}, javascriptEnabled: true, networkConnectionEnabled: false, pageLoadStrategy: normal, platform: WINDOWS, platformName: WINDOWS, proxy: Proxy(), setWindowRect: true, strictFileInteractability: false, timeouts: {implicit: 0, pageLoad: 300000, script: 30000}, unhandledPromptBehavior: dismiss and notify, webauthn:extension:credBlob: true, webauthn:extension:largeBlob: true, webauthn:virtualAuthenticators: true}\nSession ID: 7a9d99a7ba6a4a6dac04cd1f8475b22d\n*** Element info: {Using\u003dcss selector, value\u003dThis is where the username appears }","stackTrace":[{"declaringClass":"testing.sqa.stepdefinitions.userRegisterStepDefinitions","methodName":"brandonValidatesTheRegistryWasSuccessfullyDoneShowingTheUserNameDisplayedsAsTrue","fileName":"userRegisterStepDefinitions.java","lineNumber":63},{"declaringClass":"✽","methodName":"Brandon validates the registry was successfully done showing the user name displayed as jose123122","fileName":"src/test/resources/testing.sqa.features/userRegister.feature","lineNumber":14}]},"result":"FAILURE","precondition":false,"level":0,"children":[{"number":2,"description":"Given That Brandon registered successfully on the https://www.advantageonlineshopping.com/#/ and attempts to log in","duration":5824,"startTime":"2022-07-15T13:43:14.754-05:00[America/Bogota]","screenshots":[{"screenshot":"6a9f8e6affe8a9c8cae7750e0641d29e6a3a140c0e60f9cea9ba630a79b97c72.png","timeStamp":1657910600578}],"result":"SUCCESS","precondition":false,"level":1,"children":[{"number":3,"description":"Brandon user open login","duration":1789,"startTime":"2022-07-15T13:43:18.600-05:00[America/Bogota]","screenshots":[{"screenshot":"2c9a76289bee23727838830c7acab7b1069473bb6535987b2a6b6cab1ae22bf2.png","timeStamp":1657910599570},{"screenshot":"e0ab3e4b5cb5979984c20304c83d0c8831095aef2707baeada57a2d0ac2fc355.png","timeStamp":1657910600389}],"result":"SUCCESS","precondition":false,"level":2,"children":[{"number":4,"description":"Brandon types \u0027ENTER\u0027 in This is the user login link","duration":705,"startTime":"2022-07-15T13:43:19.647-05:00[America/Bogota]","screenshots":[{"screenshot":"2c9a76289bee23727838830c7acab7b1069473bb6535987b2a6b6cab1ae22bf2.png","timeStamp":1657910599826},{"screenshot":"e0ab3e4b5cb5979984c20304c83d0c8831095aef2707baeada57a2d0ac2fc355.png","timeStamp":1657910600352}],"result":"SUCCESS","precondition":false,"level":3}]}]},{"number":5,"description":"When Brandon clicks on User and types the info to register a new account\r\n| user | email | password | confPass |\r\n| jose123122 | jose11223@gmail.com | Deutsch7019 | Deutsch7019 |","duration":60366,"startTime":"2022-07-15T13:43:20.581-05:00[America/Bogota]","screenshots":[{"screenshot":"6a9f8e6affe8a9c8cae7750e0641d29e6a3a140c0e60f9cea9ba630a79b97c72.png","timeStamp":1657910600605},{"screenshot":"0a8643c7b7a8f0d4e1b65daa0244c1dcff58d3469656b211d11455299866d2fd.png","timeStamp":1657910660947}],"result":"SUCCESS","precondition":false,"level":1,"children":[{"number":6,"description":"Brandon user makes registration","duration":60182,"startTime":"2022-07-15T13:43:20.740-05:00[America/Bogota]","screenshots":[{"screenshot":"d59ba5e464e52ccec863c18cc784e70361fad2d1f2013eea61f3bdf7e7acd915.png","timeStamp":1657910600916},{"screenshot":"0a8643c7b7a8f0d4e1b65daa0244c1dcff58d3469656b211d11455299866d2fd.png","timeStamp":1657910660922}],"result":"SUCCESS","precondition":false,"level":2,"children":[{"number":7,"description":"Brandon types \u0027ENTER\u0027 in This is the Create account link","duration":645,"startTime":"2022-07-15T13:43:21.003-05:00[America/Bogota]","screenshots":[{"screenshot":"ee5402013d1080509bec2e1c68d30b69695715e30002d6d2a3d7cba126cbbc1c.png","timeStamp":1657910601165},{"screenshot":"90cbe6a312936f9310add974c74109d81797df8e4d43f73599fc8ed38959fa97.png","timeStamp":1657910601648}],"result":"SUCCESS","precondition":false,"level":3},{"number":8,"description":"Brandon enters \u0027jose123122\u0027 into This is the username text field","duration":1004,"startTime":"2022-07-15T13:43:21.660-05:00[America/Bogota]","screenshots":[{"screenshot":"334d5c2c418506aad3af59cdd203bc4ad299d918b788bdc64ab57dc3d883b7a5.png","timeStamp":1657910601934},{"screenshot":"2a3b6a41f71ea85d2254c5f1d81dce54c8da1af340c1bc23a07d99903d96afbc.png","timeStamp":1657910602634},{"screenshot":"2a3b6a41f71ea85d2254c5f1d81dce54c8da1af340c1bc23a07d99903d96afbc.png","timeStamp":1657910602664}],"result":"SUCCESS","precondition":false,"level":3},{"number":9,"description":"Brandon enters \u0027jose11223@gmail.com\u0027 into This is the email text field","duration":940,"startTime":"2022-07-15T13:43:22.667-05:00[America/Bogota]","screenshots":[{"screenshot":"12763d32b02390a54402c6c53bb066d7b8535edb9f575d5cc32de80df1f100f0.png","timeStamp":1657910602846},{"screenshot":"5b62561065d281a474c490f2e2a72425f06dd24397541612108ea288aca78612.png","timeStamp":1657910603585},{"screenshot":"5b62561065d281a474c490f2e2a72425f06dd24397541612108ea288aca78612.png","timeStamp":1657910603607}],"result":"SUCCESS","precondition":false,"level":3},{"number":10,"description":"Brandon enters \u0027Deutsch7019\u0027 into This is the password text field","duration":988,"startTime":"2022-07-15T13:43:23.611-05:00[America/Bogota]","screenshots":[{"screenshot":"c41a6b9889e28d6e4e4201378e450d8c45267195c651159bdc9b5e43a55f8699.png","timeStamp":1657910603811},{"screenshot":"609576a56d7840906cc44c0cdf9c982acdc0f0e1ea45760c65bf0e2573ac7260.png","timeStamp":1657910604572},{"screenshot":"609576a56d7840906cc44c0cdf9c982acdc0f0e1ea45760c65bf0e2573ac7260.png","timeStamp":1657910604599}],"result":"SUCCESS","precondition":false,"level":3},{"number":11,"description":"Brandon enters \u0027Deutsch7019\u0027 into This is the confirmation password field","duration":952,"startTime":"2022-07-15T13:43:24.602-05:00[America/Bogota]","screenshots":[{"screenshot":"d5dd630b5a5bd25ea1fc2ffbccd47215bb1a6effc473fdb2e7d7ea577d8aa2fc.png","timeStamp":1657910604803},{"screenshot":"25ab77ee5e587a2e0d88a2fe74971f7dd26569e9ffe4bd0018c4cd900ad2397a.png","timeStamp":1657910605536},{"screenshot":"25ab77ee5e587a2e0d88a2fe74971f7dd26569e9ffe4bd0018c4cd900ad2397a.png","timeStamp":1657910605554}],"result":"SUCCESS","precondition":false,"level":3},{"number":12,"description":"Brandon hold on for","duration":247,"startTime":"2022-07-15T13:43:25.556-05:00[America/Bogota]","screenshots":[{"screenshot":"25ab77ee5e587a2e0d88a2fe74971f7dd26569e9ffe4bd0018c4cd900ad2397a.png","timeStamp":1657910605577},{"screenshot":"00b8d562b3afa42f11176ff3891db0c6c1b543511c6f21df6d28c28c564a479a.png","timeStamp":1657910605803}],"result":"SUCCESS","precondition":false,"level":3},{"number":13,"description":"Brandon clicks on This is the check button to accept terms","duration":612,"startTime":"2022-07-15T13:43:25.805-05:00[America/Bogota]","screenshots":[{"screenshot":"00b8d562b3afa42f11176ff3891db0c6c1b543511c6f21df6d28c28c564a479a.png","timeStamp":1657910605833},{"screenshot":"9c58707af3e7d3c3c6471ee564e45411440fee9bbbf4db7fb59b16715c12bab6.png","timeStamp":1657910606387},{"screenshot":"9c58707af3e7d3c3c6471ee564e45411440fee9bbbf4db7fb59b16715c12bab6.png","timeStamp":1657910606417}],"result":"SUCCESS","precondition":false,"level":3},{"number":14,"description":"Brandon clicks on This is the register button to create account","duration":892,"startTime":"2022-07-15T13:43:26.419-05:00[America/Bogota]","screenshots":[{"screenshot":"f5abc1db499726f1251e49d414f0e5faa294a8bd189de86d1d748c170a7c961c.png","timeStamp":1657910606620},{"screenshot":"bc480317f4444ac95f929986b5afda90af2691cddbeee329058fcd4e6a9a72b1.png","timeStamp":1657910607277},{"screenshot":"bc480317f4444ac95f929986b5afda90af2691cddbeee329058fcd4e6a9a72b1.png","timeStamp":1657910607311}],"result":"SUCCESS","precondition":false,"level":3}]}]},{"number":15,"description":"Then Brandon validates the registry was successfully done showing the user name displayed as jose123122","duration":9445,"startTime":"2022-07-15T13:44:20.949-05:00[America/Bogota]","screenshots":[{"screenshot":"0a8643c7b7a8f0d4e1b65daa0244c1dcff58d3469656b211d11455299866d2fd.png","timeStamp":1657910661715}],"exception":{"errorType":"java.lang.AssertionError","message":"no such element: Unable to locate element: {\"method\":\"css selector\",\"selector\":\"This is where the username appears \"}\n  (Session info: chrome\u003d103.0.5060.114)\nFor documentation on this error, please visit: https://www.seleniumhq.org/exceptions/no_such_element.html\nBuild info: version: \u00273.141.59\u0027, revision: \u0027e82be7d358\u0027, time: \u00272018-11-14T08:17:03\u0027\nSystem info: host: \u0027SQABOG-TGP4337\u0027, ip: \u0027192.168.18.247\u0027, os.name: \u0027Windows 10\u0027, os.arch: \u0027amd64\u0027, os.version: \u002710.0\u0027, java.version: \u00271.8.0_202\u0027\nDriver info: org.openqa.selenium.chrome.ChromeDriver\nCapabilities {acceptInsecureCerts: false, browserName: chrome, browserVersion: 103.0.5060.114, chrome: {chromedriverVersion: 102.0.5005.61 (0e59bcc00cc4..., userDataDir: C:\\Users\\User\\AppData\\Local...}, goog:chromeOptions: {debuggerAddress: localhost:54489}, javascriptEnabled: true, networkConnectionEnabled: false, pageLoadStrategy: normal, platform: WINDOWS, platformName: WINDOWS, proxy: Proxy(), setWindowRect: true, strictFileInteractability: false, timeouts: {implicit: 0, pageLoad: 300000, script: 30000}, unhandledPromptBehavior: dismiss and notify, webauthn:extension:credBlob: true, webauthn:extension:largeBlob: true, webauthn:virtualAuthenticators: true}\nSession ID: 7a9d99a7ba6a4a6dac04cd1f8475b22d\n*** Element info: {Using\u003dcss selector, value\u003dThis is where the username appears }","stackTrace":[{"declaringClass":"testing.sqa.stepdefinitions.userRegisterStepDefinitions","methodName":"brandonValidatesTheRegistryWasSuccessfullyDoneShowingTheUserNameDisplayedsAsTrue","fileName":"userRegisterStepDefinitions.java","lineNumber":63},{"declaringClass":"✽","methodName":"Brandon validates the registry was successfully done showing the user name displayed as jose123122","fileName":"src/test/resources/testing.sqa.features/userRegister.feature","lineNumber":14}]},"result":"FAILURE","precondition":false,"level":1,"children":[{"number":16,"description":"Then validate user on screen should be \u0027jose123122\u0027","duration":1610,"startTime":"2022-07-15T13:44:21.955-05:00[America/Bogota]","screenshots":[{"screenshot":"0a8643c7b7a8f0d4e1b65daa0244c1dcff58d3469656b211d11455299866d2fd.png","timeStamp":1657910662616},{"screenshot":"0a8643c7b7a8f0d4e1b65daa0244c1dcff58d3469656b211d11455299866d2fd.png","timeStamp":1657910663565}],"result":"SUCCESS","precondition":false,"level":2},{"number":17,"description":"Then This is where the username appears  should be an element containing \u0027jose123122\u0027","duration":6705,"startTime":"2022-07-15T13:44:23.632-05:00[America/Bogota]","screenshots":[{"screenshot":"0a8643c7b7a8f0d4e1b65daa0244c1dcff58d3469656b211d11455299866d2fd.png","timeStamp":1657910664315},{"screenshot":"0a8643c7b7a8f0d4e1b65daa0244c1dcff58d3469656b211d11455299866d2fd.png","htmlSource":"pagesource4522520623373597011.html.txt","timeStamp":1657910670320}],"exception":{"errorType":"org.openqa.selenium.NoSuchElementException","message":"no such element: Unable to locate element: {\"method\":\"css selector\",\"selector\":\"This is where the username appears \"}\n  (Session info: chrome\u003d103.0.5060.114)\nFor documentation on this error, please visit: https://www.seleniumhq.org/exceptions/no_such_element.html\nBuild info: version: \u00273.141.59\u0027, revision: \u0027e82be7d358\u0027, time: \u00272018-11-14T08:17:03\u0027\nSystem info: host: \u0027SQABOG-TGP4337\u0027, ip: \u0027192.168.18.247\u0027, os.name: \u0027Windows 10\u0027, os.arch: \u0027amd64\u0027, os.version: \u002710.0\u0027, java.version: \u00271.8.0_202\u0027\nDriver info: org.openqa.selenium.chrome.ChromeDriver\nCapabilities {acceptInsecureCerts: false, browserName: chrome, browserVersion: 103.0.5060.114, chrome: {chromedriverVersion: 102.0.5005.61 (0e59bcc00cc4..., userDataDir: C:\\Users\\User\\AppData\\Local...}, goog:chromeOptions: {debuggerAddress: localhost:54489}, javascriptEnabled: true, networkConnectionEnabled: false, pageLoadStrategy: normal, platform: WINDOWS, platformName: WINDOWS, proxy: Proxy(), setWindowRect: true, strictFileInteractability: false, timeouts: {implicit: 0, pageLoad: 300000, script: 30000}, unhandledPromptBehavior: dismiss and notify, webauthn:extension:credBlob: true, webauthn:extension:largeBlob: true, webauthn:virtualAuthenticators: true}\nSession ID: 7a9d99a7ba6a4a6dac04cd1f8475b22d\n*** Element info: {Using\u003dcss selector, value\u003dThis is where the username appears }","stackTrace":[{"declaringClass":"testing.sqa.stepdefinitions.userRegisterStepDefinitions","methodName":"brandonValidatesTheRegistryWasSuccessfullyDoneShowingTheUserNameDisplayedsAsTrue","fileName":"userRegisterStepDefinitions.java","lineNumber":63},{"declaringClass":"cucumber.runner.Runner","methodName":"runPickle","fileName":"Runner.java","lineNumber":80}]},"result":"ERROR","precondition":false,"level":2}]}]}],"userStory":{"id":"register-on-the-website-test","storyName":"Register on the website test","path":"src/test/resources/testing.sqa.features/userRegister.feature","narrative":"  Brandon wants to register on the Advantage web site\n  to purchase a new laptop","type":"feature"},"featureTag":{"name":"Features/Register on the website test","type":"feature","displayName":"Features/Register on the website test"},"title":"Brandon wants to register on the website","startTime":"2022-07-15T13:43:14.554-05:00[America/Bogota]","duration":76722,"testFailureCause":{"errorType":"org.openqa.selenium.NoSuchElementException","message":"no such element: Unable to locate element: {\"method\":\"css selector\",\"selector\":\"This is where the username appears \"}\n  (Session info: chrome\u003d103.0.5060.114)\nFor documentation on this error, please visit: https://www.seleniumhq.org/exceptions/no_such_element.html\nBuild info: version: \u00273.141.59\u0027, revision: \u0027e82be7d358\u0027, time: \u00272018-11-14T08:17:03\u0027\nSystem info: host: \u0027SQABOG-TGP4337\u0027, ip: \u0027192.168.18.247\u0027, os.name: \u0027Windows 10\u0027, os.arch: \u0027amd64\u0027, os.version: \u002710.0\u0027, java.version: \u00271.8.0_202\u0027\nDriver info: org.openqa.selenium.chrome.ChromeDriver\nCapabilities {acceptInsecureCerts: false, browserName: chrome, browserVersion: 103.0.5060.114, chrome: {chromedriverVersion: 102.0.5005.61 (0e59bcc00cc4..., userDataDir: C:\\Users\\User\\AppData\\Local...}, goog:chromeOptions: {debuggerAddress: localhost:54489}, javascriptEnabled: true, networkConnectionEnabled: false, pageLoadStrategy: normal, platform: WINDOWS, platformName: WINDOWS, proxy: Proxy(), setWindowRect: true, strictFileInteractability: false, timeouts: {implicit: 0, pageLoad: 300000, script: 30000}, unhandledPromptBehavior: dismiss and notify, webauthn:extension:credBlob: true, webauthn:extension:largeBlob: true, webauthn:virtualAuthenticators: true}\nSession ID: 7a9d99a7ba6a4a6dac04cd1f8475b22d\n*** Element info: {Using\u003dcss selector, value\u003dThis is where the username appears }","stackTrace":[{"declaringClass":"testing.sqa.stepdefinitions.userRegisterStepDefinitions","methodName":"brandonValidatesTheRegistryWasSuccessfullyDoneShowingTheUserNameDisplayedsAsTrue","fileName":"userRegisterStepDefinitions.java","lineNumber":63},{"declaringClass":"cucumber.runner.Runner","methodName":"runPickle","fileName":"Runner.java","lineNumber":80}]},"testFailureClassname":"org.openqa.selenium.NoSuchElementException","testFailureMessage":"no such element: Unable to locate element: {\"method\":\"css selector\",\"selector\":\"This is where the username appears \"}\n  (Session info: chrome\u003d103.0.5060.114)\nFor documentation on this error, please visit: https://www.seleniumhq.org/exceptions/no_such_element.html\nBuild info: version: \u00273.141.59\u0027, revision: \u0027e82be7d358\u0027, time: \u00272018-11-14T08:17:03\u0027\nSystem info: host: \u0027SQABOG-TGP4337\u0027, ip: \u0027192.168.18.247\u0027, os.name: \u0027Windows 10\u0027, os.arch: \u0027amd64\u0027, os.version: \u002710.0\u0027, java.version: \u00271.8.0_202\u0027\nDriver info: org.openqa.selenium.chrome.ChromeDriver\nCapabilities {acceptInsecureCerts: false, browserName: chrome, browserVersion: 103.0.5060.114, chrome: {chromedriverVersion: 102.0.5005.61 (0e59bcc00cc4..., userDataDir: C:\\Users\\User\\AppData\\Local...}, goog:chromeOptions: {debuggerAddress: localhost:54489}, javascriptEnabled: true, networkConnectionEnabled: false, pageLoadStrategy: normal, platform: WINDOWS, platformName: WINDOWS, proxy: Proxy(), setWindowRect: true, strictFileInteractability: false, timeouts: {implicit: 0, pageLoad: 300000, script: 30000}, unhandledPromptBehavior: dismiss and notify, webauthn:extension:credBlob: true, webauthn:extension:largeBlob: true, webauthn:virtualAuthenticators: true}\nSession ID: 7a9d99a7ba6a4a6dac04cd1f8475b22d\n*** Element info: {Using\u003dcss selector, value\u003dThis is where the username appears }","testFailureSummary":"ERROR;org.openqa.selenium.NoSuchElementException;no such element: Unable to locate element: {\"method\":\"css selector\",\"selector\":\"This is where the username appears \"}\n  (Session info: chrome\u003d103.0.5060.114)\nFor documentation on this error, please visit: https://www.seleniumhq.org/exceptions/no_such_element.html\nBuild info: version: \u00273.141.59\u0027, revision: \u0027e82be7d358\u0027, time: \u00272018-11-14T08:17:03\u0027\nSystem info: host: \u0027SQABOG-TGP4337\u0027, ip: \u0027192.168.18.247\u0027, os.name: \u0027Windows 10\u0027, os.arch: \u0027amd64\u0027, os.version: \u002710.0\u0027, java.version: \u00271.8.0_202\u0027\nDriver info: org.openqa.selenium.chrome.ChromeDriver\nCapabilities {acceptInsecureCerts: false, browserName: chrome, browserVersion: 103.0.5060.114, chrome: {chromedriverVersion: 102.0.5005.61 (0e59bcc00cc4..., userDataDir: C:\\Users\\User\\AppData\\Local...}, goog:chromeOptions: {debuggerAddress: localhost:54489}, javascriptEnabled: true, networkConnectionEnabled: false, pageLoadStrategy: normal, platform: WINDOWS, platformName: WINDOWS, proxy: Proxy(), setWindowRect: true, strictFileInteractability: false, timeouts: {implicit: 0, pageLoad: 300000, script: 30000}, unhandledPromptBehavior: dismiss and notify, webauthn:extension:credBlob: true, webauthn:extension:largeBlob: true, webauthn:virtualAuthenticators: true}\nSession ID: 7a9d99a7ba6a4a6dac04cd1f8475b22d\n*** Element info: {Using\u003dcss selector, value\u003dThis is where the username appears };userRegisterStepDefinitions.java","projectKey":"","annotatedResult":"ERROR","driver":"chrome","isManualTestingUpToDate":false,"dataTable":{"headers":["user","email","password","confPass","webSite"],"rows":[{"values":["jose123122","jose11223@gmail.com","Deutsch7019","Deutsch7019","https://www.advantageonlineshopping.com/#/"],"result":"ERROR"}],"predefinedRows":true,"scenarioOutline":"Given That Brandon registered successfully on the \u003cwebSite\u003e and attempts to log in\n\rWhen Brandon clicks on User and types the info to register a new account\n\rThen Brandon validates the registry was successfully done showing the user name displayed as \u003cuser\u003e\n\r","dataSetDescriptors":[{"startRow":0,"rowCount":0,"name":""}]},"manual":false,"testSource":"Cucumber","actors":[{"name":"Brandon","can":["browse the web"]}],"result":"ERROR","scenarioOutline":"Given That Brandon registered successfully on the \u003cwebSite\u003e and attempts to log in\r\nWhen Brandon clicks on User and types the info to register a new account\r\n|user | email | password | confPass|\r\n|\u003cuser\u003e | \u003cemail\u003e | \u003cpassword\u003e | \u003cconfPass\u003e|\r\nThen Brandon validates the registry was successfully done showing the user name displayed as \u003cuser\u003e"}