<?xml version="1.0" encoding="UTF-8"?>
<testsuite name="Purchase an item on BangGood app" tests="1" skipped="0" failures="0" errors="0" timestamp="2022-07-05T21:08:52" hostname="SQABOG-TGP4337" time="54.09">
  <properties/>
  <testcase name="Recommend and purchasing an item on BangGood app" classname="Purchase an item on BangGood app" time="54.09"/>
  <system-out><![CDATA[]]></system-out>
  <system-err><![CDATA[jul 05, 2022 4:09:05 PM io.appium.java_client.remote.AppiumCommandExecutor$1 lambda$0
INFORMACIÓN: Detected dialect: W3C
[Test worker] INFO net.thucydides.core.steps.ConsoleLoggingListener - 
        __    _____ _____ ____ _____   ____   _    ____  ____  _____ ____  
  _     \ \  |_   _| ____/ ___|_   _| |  _ \ / \  / ___|/ ___|| ____|  _ \ 
 (_)_____| |   | | |  _| \___ \ | |   | |_) / _ \ \___ \\___ \|  _| | | | |
  _|_____| |   | | | |___ ___) || |   |  __/ ___ \ ___) |___) | |___| |_| |
 (_)     | |   |_| |_____|____/ |_|   |_| /_/   \_\____/|____/|_____|____/ 
        /_/                                                                

TEST PASSED: Recommend and purchasing an item on BangGood app
----------------------------------------------------------------------------
]]></system-err>
</testsuite>
